Using pre-set license
Built from '2021.3/staging' branch; Version is '2021.3.22f1 (b6c551784ba3) revision 11978065'; Using compiler version '192829333'; Build Type 'Release'
OS: 'Windows 11  (10.0.22621) 64bit Core' Language: 'en' Physical Memory: 16015 MB
BatchMode: 1, IsHumanControllingUs: 0, StartBugReporterOnCrash: 0, Is64bit: 1, IsPro: 1

COMMAND LINE ARGUMENTS:
C:\Program Files\Unity\Hub\Editor\2021.3.22f1\Editor\Unity.exe
-adb2
-batchMode
-noUpm
-name
AssetImportWorker0
-projectPath
D:/ARTS System
-logFile
Logs/AssetImportWorker0.log
-srvPort
52293
Successfully changed project path to: D:/ARTS System
D:/ARTS System
[UnityMemory] Configuration Parameters - Can be set up in boot.config
    "memorysetup-bucket-allocator-granularity=16"
    "memorysetup-bucket-allocator-bucket-count=8"
    "memorysetup-bucket-allocator-block-size=33554432"
    "memorysetup-bucket-allocator-block-count=8"
    "memorysetup-main-allocator-block-size=16777216"
    "memorysetup-thread-allocator-block-size=16777216"
    "memorysetup-gfx-main-allocator-block-size=16777216"
    "memorysetup-gfx-thread-allocator-block-size=16777216"
    "memorysetup-cache-allocator-block-size=4194304"
    "memorysetup-typetree-allocator-block-size=2097152"
    "memorysetup-profiler-bucket-allocator-granularity=16"
    "memorysetup-profiler-bucket-allocator-bucket-count=8"
    "memorysetup-profiler-bucket-allocator-block-size=33554432"
    "memorysetup-profiler-bucket-allocator-block-count=8"
    "memorysetup-profiler-allocator-block-size=16777216"
    "memorysetup-profiler-editor-allocator-block-size=1048576"
    "memorysetup-temp-allocator-size-main=16777216"
    "memorysetup-job-temp-allocator-block-size=2097152"
    "memorysetup-job-temp-allocator-block-size-background=1048576"
    "memorysetup-job-temp-allocator-reduction-small-platforms=262144"
    "memorysetup-temp-allocator-size-background-worker=32768"
    "memorysetup-temp-allocator-size-job-worker=262144"
    "memorysetup-temp-allocator-size-preload-manager=33554432"
    "memorysetup-temp-allocator-size-nav-mesh-worker=65536"
    "memorysetup-temp-allocator-size-audio-worker=65536"
    "memorysetup-temp-allocator-size-cloud-worker=32768"
    "memorysetup-temp-allocator-size-gi-baking-worker=262144"
    "memorysetup-temp-allocator-size-gfx=262144"
Player connection [2480] Host "[IP] 192.168.1.162 [Port] 0 [Flags] 2 [Guid] 413159288 [EditorId] 413159288 [Version] 1048832 [Id] WindowsEditor(7,DESKTOP-UA2QPC9) [Debug] 1 [PackageName] WindowsEditor [ProjectName] Editor" joined multi-casting on [225.0.0.222:54997]...

Player connection [2480] Host "[IP] 192.168.1.162 [Port] 0 [Flags] 2 [Guid] 413159288 [EditorId] 413159288 [Version] 1048832 [Id] WindowsEditor(7,DESKTOP-UA2QPC9) [Debug] 1 [PackageName] WindowsEditor [ProjectName] Editor" joined alternative multi-casting on [225.0.0.222:34997]...

Refreshing native plugins compatible for Editor in 114.42 ms, found 16 plugins.
Preloading 1 native plugins for Editor in 0.79 ms.
Initialize engine version: 2021.3.22f1 (b6c551784ba3)
[Subsystems] Discovering subsystems at path C:/Program Files/Unity/Hub/Editor/2021.3.22f1/Editor/Data/Resources/UnitySubsystems
[Subsystems] Discovering subsystems at path D:/ARTS System/Assets
GfxDevice: creating device client; threaded=0; jobified=0
Direct3D:
    Version:  Direct3D 11.0 [level 11.1]
    Renderer: NVIDIA GeForce MX330 (ID=0x1d16)
    Vendor:   NVIDIA
    VRAM:     1982 MB
    Driver:   31.0.15.2849
Initialize mono
Mono path[0] = 'C:/Program Files/Unity/Hub/Editor/2021.3.22f1/Editor/Data/Managed'
Mono path[1] = 'C:/Program Files/Unity/Hub/Editor/2021.3.22f1/Editor/Data/MonoBleedingEdge/lib/mono/unityjit-win32'
Mono config path = 'C:/Program Files/Unity/Hub/Editor/2021.3.22f1/Editor/Data/MonoBleedingEdge/etc'
Using monoOptions --debugger-agent=transport=dt_socket,embedding=1,server=y,suspend=n,address=127.0.0.1:56700
Begin MonoManager ReloadAssembly
Registering precompiled unity dll's ...
Register platform support module: C:/Program Files/Unity/Hub/Editor/2021.3.22f1/Editor/Data/PlaybackEngines/AndroidPlayer/UnityEditor.Android.Extensions.dll
Register platform support module: C:/Program Files/Unity/Hub/Editor/2021.3.22f1/Editor/Data/PlaybackEngines/WindowsStandaloneSupport/UnityEditor.WindowsStandalone.Extensions.dll
Register platform support module: C:/Program Files/Unity/Hub/Editor/2021.3.22f1/Editor/Data/PlaybackEngines/MetroSupport/UnityEditor.UWP.Extensions.dll
Registered in 0.003693 seconds.
Native extension for UWP target not found
Native extension for WindowsStandalone target not found
Native extension for Android target not found
Android Extension - Scanning For ADB Devices 263 ms
Refreshing native plugins compatible for Editor in 109.30 ms, found 16 plugins.
Preloading 1 native plugins for Editor in 0.06 ms.
Mono: successfully reloaded assembly
- Completed reload, in  0.977 seconds
Domain Reload Profiling:
	ReloadAssembly (977ms)
		BeginReloadAssembly (88ms)
			ExecutionOrderSort (0ms)
			DisableScriptedObjects (0ms)
			BackupInstance (0ms)
			ReleaseScriptingObjects (0ms)
			CreateAndSetChildDomain (1ms)
		EndReloadAssembly (792ms)
			LoadAssemblies (85ms)
			RebuildTransferFunctionScriptingTraits (0ms)
			SetupTypeCache (119ms)
			ReleaseScriptCaches (0ms)
			RebuildScriptCaches (31ms)
			SetupLoadedEditorAssemblies (589ms)
				LogAssemblyErrors (0ms)
				InitializePlatformSupportModulesInManaged (342ms)
				SetLoadedEditorAssemblies (0ms)
				RefreshPlugins (109ms)
				BeforeProcessingInitializeOnLoad (1ms)
				ProcessInitializeOnLoadAttributes (92ms)
				ProcessInitializeOnLoadMethodAttributes (44ms)
				AfterProcessingInitializeOnLoad (0ms)
				EditorAssembliesLoaded (0ms)
			ExecutionOrderSort2 (0ms)
			AwakeInstancesAfterBackupRestoration (0ms)
Platform modules already initialized, skipping
Registering precompiled user dll's ...
Registered in 0.006862 seconds.
Begin MonoManager ReloadAssembly
Native extension for UWP target not found
Native extension for WindowsStandalone target not found
Native extension for Android target not found
Refreshing native plugins compatible for Editor in 109.94 ms, found 16 plugins.
Preloading 1 native plugins for Editor in 0.05 ms.
Package Manager log level set to [2]
Mono: successfully reloaded assembly
- Completed reload, in  1.567 seconds
Domain Reload Profiling:
	ReloadAssembly (1568ms)
		BeginReloadAssembly (130ms)
			ExecutionOrderSort (0ms)
			DisableScriptedObjects (6ms)
			BackupInstance (0ms)
			ReleaseScriptingObjects (0ms)
			CreateAndSetChildDomain (26ms)
		EndReloadAssembly (1311ms)
			LoadAssemblies (105ms)
			RebuildTransferFunctionScriptingTraits (0ms)
			SetupTypeCache (315ms)
			ReleaseScriptCaches (1ms)
			RebuildScriptCaches (84ms)
			SetupLoadedEditorAssemblies (751ms)
				LogAssemblyErrors (0ms)
				InitializePlatformSupportModulesInManaged (17ms)
				SetLoadedEditorAssemblies (0ms)
				RefreshPlugins (110ms)
				BeforeProcessingInitializeOnLoad (121ms)
				ProcessInitializeOnLoadAttributes (406ms)
				ProcessInitializeOnLoadMethodAttributes (93ms)
				AfterProcessingInitializeOnLoad (4ms)
				EditorAssembliesLoaded (0ms)
			ExecutionOrderSort2 (0ms)
			AwakeInstancesAfterBackupRestoration (5ms)
Platform modules already initialized, skipping
========================================================================
Worker process is ready to serve import requests
Launched and connected shader compiler UnityShaderCompiler.exe after 0.05 seconds
Refreshing native plugins compatible for Editor in 2.18 ms, found 16 plugins.
Preloading 1 native plugins for Editor in 0.08 ms.
Unloading 5238 Unused Serialized files (Serialized files now loaded: 0)
Unloading 80 unused Assets / (1.2 MB). Loaded Objects now: 5701.
Memory consumption went from 196.2 MB to 195.0 MB.
Total: 5.714300 ms (FindLiveObjects: 0.869100 ms CreateObjectMapping: 0.367200 ms MarkObjects: 3.676000 ms  DeleteObjects: 0.800200 ms)

AssetImportParameters requested are different than current active one (requested -> active):
  custom:video-decoder-ogg-theora: a1e56fd34408186e4bbccfd4996cb3dc -> 
  custom:container-muxer-webm: aa71ff27fc2769a1b78a27578f13a17b -> 
  custom:container-demuxer-webm: 4f35f7cbe854078d1ac9338744f61a02 -> 
  custom:video-encoder-webm-vp8: eb34c28f22e8b96e1ab97ce403110664 -> 
  custom:audio-encoder-webm-vorbis: bf7c407c2cedff20999df2af8eb42d56 -> 
  custom:framework-win-MediaFoundation: 216162199b28c13a410421893ffa2e32 -> 
  custom:container-demuxer-ogg: 62fdf1f143b41e24485cea50d1cbac27 -> 
  custom:video-decoder-webm-vp8: 9c59270c3fd7afecdb556c50c9e8de78 -> 
  custom:audio-decoder-ogg-vorbis: bf7c407c2cedff20999df2af8eb42d56 -> 
========================================================================
Received Import Request.
  Time since last request: 3187.391732 seconds.
  path: Assets/Scenes
  artifactKey: Guid(6ea315d0fd7389c41b19996891e99ae3) Importer(815301076,1909f56bfc062723c751e8b465ee728b)
Start importing Assets/Scenes using Guid(6ea315d0fd7389c41b19996891e99ae3) Importer(815301076,1909f56bfc062723c751e8b465ee728b)  -> (artifact id: 'b8193726cff86800c54781cdc6d54904') in 0.017770 seconds 
========================================================================
Received Import Request.
  Time since last request: 5.688268 seconds.
  path: Assets/Scenes/MRTK3 Test.unity
  artifactKey: Guid(0ce16e638f4206f4aa2d8bd98213e5b9) Importer(815301076,1909f56bfc062723c751e8b465ee728b)
Start importing Assets/Scenes/MRTK3 Test.unity using Guid(0ce16e638f4206f4aa2d8bd98213e5b9) Importer(815301076,1909f56bfc062723c751e8b465ee728b)  -> (artifact id: '070d9126c5b79b0199415742f34e1b7d') in 0.012109 seconds 
========================================================================
Received Import Request.
  Time since last request: 17.279865 seconds.
  path: Packages/com.microsoft.mixedreality.openxr/package.json
  artifactKey: Guid(1adea270d8ae3ec428b7a7cc41633514) Importer(815301076,1909f56bfc062723c751e8b465ee728b)
Start importing Packages/com.microsoft.mixedreality.openxr/package.json using Guid(1adea270d8ae3ec428b7a7cc41633514) Importer(815301076,1909f56bfc062723c751e8b465ee728b)  -> (artifact id: 'c8371c5df76c86b930d849d5c0ddf5cc') in 0.037243 seconds 
========================================================================
Received Import Request.
  Time since last request: 7.882026 seconds.
  path: Assets/XR/Settings/OpenXR Package Settings.asset
  artifactKey: Guid(8454b9d6804d363468c9ff9d8f1970db) Importer(815301076,1909f56bfc062723c751e8b465ee728b)
Start importing Assets/XR/Settings/OpenXR Package Settings.asset using Guid(8454b9d6804d363468c9ff9d8f1970db) Importer(815301076,1909f56bfc062723c751e8b465ee728b) [XR] [MROpenXR][Info   ][10:43:41.832172][tid:9b0] MeshProvider_RegisterLifecycleProvider
[XR] [MROpenXR][Info   ][10:43:41.832172][tid:9b0] MeshProvider_RegisterLifecycleProvider
[XR] [MROpenXR][Info   ][10:43:41.832348][tid:9b0] InputProvider_RegisterLifecycleProvider
[XR] [MROpenXR][Info   ][10:43:41.832348][tid:9b0] InputProvider_RegisterLifecycleProvider
[XR] Error loading subsystem: Display (1) (header mismatch?)
[XR] [MROpenXR][Info   ][10:43:41.834353][tid:9b0] OnPluginStarted UnityVersion=2021.3.22f1 OpenXRPluginVersion=1.7.0 MROpenXRPluginVersion=1.8.1.0 PartA_PrivTags=33554432
[XR] [MROpenXR][Info   ][10:43:41.834353][tid:9b0] OnPluginStarted UnityVersion=2021.3.22f1 OpenXRPluginVersion=1.7.0 MROpenXRPluginVersion=1.8.1.0 PartA_PrivTags=33554432
 -> (artifact id: '077094f890e53cb879d457654b7b516d') in 0.037079 seconds 
========================================================================
Received Import Request.
  Time since last request: 0.413022 seconds.
  path: Assets/MRTK.Generated/MRTKSettings.asset
  artifactKey: Guid(9877a1b6c17faa64e95b5729917f987d) Importer(815301076,1909f56bfc062723c751e8b465ee728b)
Start importing Assets/MRTK.Generated/MRTKSettings.asset using Guid(9877a1b6c17faa64e95b5729917f987d) Importer(815301076,1909f56bfc062723c751e8b465ee728b)  -> (artifact id: '1cc79b693077f359c82d56e5525b2790') in 0.023162 seconds 
========================================================================
Received Import Request.
  Time since last request: 1.965633 seconds.
  path: Assets/MRTK.Generated
  artifactKey: Guid(259114fcf3cf2f548adc4160e436feb6) Importer(815301076,1909f56bfc062723c751e8b465ee728b)
Start importing Assets/MRTK.Generated using Guid(259114fcf3cf2f548adc4160e436feb6) Importer(815301076,1909f56bfc062723c751e8b465ee728b)  -> (artifact id: 'fc1d6d252358a312e2c14add0170d313') in 0.015272 seconds 
========================================================================
Received Import Request.
  Time since last request: 32.477053 seconds.
  path: Packages/org.mixedrealitytoolkit.input/Assets
  artifactKey: Guid(7537c18e158ea464aa1bd37339fad8df) Importer(815301076,1909f56bfc062723c751e8b465ee728b)
Start importing Packages/org.mixedrealitytoolkit.input/Assets using Guid(7537c18e158ea464aa1bd37339fad8df) Importer(815301076,1909f56bfc062723c751e8b465ee728b)  -> (artifact id: '00612ba863581a9544b5e3be17677718') in 0.011707 seconds 
========================================================================
Received Import Request.
  Time since last request: 2.997066 seconds.
  path: Packages/org.mixedrealitytoolkit.input/Assets/Prefabs
  artifactKey: Guid(b673cd36140f4904b9649bd553e82bd8) Importer(815301076,1909f56bfc062723c751e8b465ee728b)
Start importing Packages/org.mixedrealitytoolkit.input/Assets/Prefabs using Guid(b673cd36140f4904b9649bd553e82bd8) Importer(815301076,1909f56bfc062723c751e8b465ee728b)  -> (artifact id: 'd9a6cadd6e9267fc8450abd7983d3ef2') in 0.046996 seconds 
========================================================================
Received Import Request.
  Time since last request: 0.039488 seconds.
  path: Packages/org.mixedrealitytoolkit.input/Assets/Prefabs/MRTK Gaze Controller.prefab
  artifactKey: Guid(6f3af2a8508960843b36fb9d64de2bc2) Importer(815301076,1909f56bfc062723c751e8b465ee728b)
Start importing Packages/org.mixedrealitytoolkit.input/Assets/Prefabs/MRTK Gaze Controller.prefab using Guid(6f3af2a8508960843b36fb9d64de2bc2) Importer(815301076,1909f56bfc062723c751e8b465ee728b)  -> (artifact id: '18ae2123f612bff7fde141748ce5ae8b') in 0.039965 seconds 
========================================================================
Received Import Request.
  Time since last request: 0.000021 seconds.
  path: Packages/org.mixedrealitytoolkit.input/Assets/Prefabs/MRTK XR Rig.prefab
  artifactKey: Guid(4d7e2f87fefe0ba468719b15288b46e7) Importer(815301076,1909f56bfc062723c751e8b465ee728b)
Start importing Packages/org.mixedrealitytoolkit.input/Assets/Prefabs/MRTK XR Rig.prefab using Guid(4d7e2f87fefe0ba468719b15288b46e7) Importer(815301076,1909f56bfc062723c751e8b465ee728b)  -> (artifact id: '7e69fd075fd778531ce899379c3a8ec5') in 0.288038 seconds 
========================================================================
Received Import Request.
  Time since last request: 0.000027 seconds.
  path: Packages/org.mixedrealitytoolkit.input/Assets/Prefabs/Obsolete MRTK Hand Controller.prefab
  artifactKey: Guid(a9ae130324a36134e99beedf50e7be6f) Importer(815301076,1909f56bfc062723c751e8b465ee728b)
Start importing Packages/org.mixedrealitytoolkit.input/Assets/Prefabs/Obsolete MRTK Hand Controller.prefab using Guid(a9ae130324a36134e99beedf50e7be6f) Importer(815301076,1909f56bfc062723c751e8b465ee728b)  -> (artifact id: '53ad15c161ed3c38c45fad9dd84590e7') in 0.053546 seconds 
========================================================================
Received Import Request.
  Time since last request: 26.143820 seconds.
  path: Packages/org.mixedrealitytoolkit.input/Assets/Input Actions/MRTK Default Input Actions.inputactions
  artifactKey: Guid(18c412191cdc9274897f101c7fd5316f) Importer(815301076,1909f56bfc062723c751e8b465ee728b)
Start importing Packages/org.mixedrealitytoolkit.input/Assets/Input Actions/MRTK Default Input Actions.inputactions using Guid(18c412191cdc9274897f101c7fd5316f) Importer(815301076,1909f56bfc062723c751e8b465ee728b)  -> (artifact id: '29cac28d1935fec8cbef53a831492ea7') in 0.022140 seconds 
========================================================================
Received Import Request.
  Time since last request: 1.940322 seconds.
  path: Packages/org.mixedrealitytoolkit.input/Assets/Default Configs/MRTKHandsAggregatorConfig.asset
  artifactKey: Guid(b8da41358d218754494ea49599e7b0fb) Importer(815301076,1909f56bfc062723c751e8b465ee728b)
Start importing Packages/org.mixedrealitytoolkit.input/Assets/Default Configs/MRTKHandsAggregatorConfig.asset using Guid(b8da41358d218754494ea49599e7b0fb) Importer(815301076,1909f56bfc062723c751e8b465ee728b)  -> (artifact id: '84603ae9150ca8ea5e250586e6ca511f') in 0.012481 seconds 
========================================================================
Received Import Request.
  Time since last request: 14.139172 seconds.
  path: Packages/com.microsoft.mrtk.graphicstools.unity/package.json
  artifactKey: Guid(a8642fe63d43672408b4023d418cf688) Importer(815301076,1909f56bfc062723c751e8b465ee728b)
Start importing Packages/com.microsoft.mrtk.graphicstools.unity/package.json using Guid(a8642fe63d43672408b4023d418cf688) Importer(815301076,1909f56bfc062723c751e8b465ee728b)  -> (artifact id: '48dad3e39c84b4e4a74db538f3b4d8ac') in 0.002252 seconds 
========================================================================
Received Import Request.
  Time since last request: 21.307928 seconds.
  path: Packages/org.mixedrealitytoolkit.standardassets/Prefabs
  artifactKey: Guid(8f4a2f4848677124c99c47fe6b0d5659) Importer(815301076,1909f56bfc062723c751e8b465ee728b)
Start importing Packages/org.mixedrealitytoolkit.standardassets/Prefabs using Guid(8f4a2f4848677124c99c47fe6b0d5659) Importer(815301076,1909f56bfc062723c751e8b465ee728b)  -> (artifact id: '5e58f44e4065f6c395da051611ed7cc0') in 0.001849 seconds 
========================================================================
Received Import Request.
  Time since last request: 0.061627 seconds.
  path: Packages/org.mixedrealitytoolkit.standardassets/Prefabs/MRTK_BoundingBox_RotateHandle.prefab
  artifactKey: Guid(69e07a41eaeaf5e408199603ece5e449) Importer(815301076,1909f56bfc062723c751e8b465ee728b)
Start importing Packages/org.mixedrealitytoolkit.standardassets/Prefabs/MRTK_BoundingBox_RotateHandle.prefab using Guid(69e07a41eaeaf5e408199603ece5e449) Importer(815301076,1909f56bfc062723c751e8b465ee728b)  -> (artifact id: '3a46a40a6e31955f374bd9e7c4f87901') in 0.119265 seconds 
========================================================================
Received Import Request.
  Time since last request: 0.000035 seconds.
  path: Packages/org.mixedrealitytoolkit.standardassets/Prefabs/MRTK_BoundingBox_TranslateHandle.prefab
  artifactKey: Guid(36104d131cc1c8e4b9fd97140be75871) Importer(815301076,1909f56bfc062723c751e8b465ee728b)
Start importing Packages/org.mixedrealitytoolkit.standardassets/Prefabs/MRTK_BoundingBox_TranslateHandle.prefab using Guid(36104d131cc1c8e4b9fd97140be75871) Importer(815301076,1909f56bfc062723c751e8b465ee728b)  -> (artifact id: 'bfe0d7489f65479f903c6b70315c8114') in 0.020663 seconds 
========================================================================
Received Import Request.
  Time since last request: 8.481021 seconds.
  path: Packages/org.mixedrealitytoolkit.input/Simulation/MRTKInputSimulatorControls.inputactions
  artifactKey: Guid(70b361cf3c037d54896482d1ffd9f999) Importer(815301076,1909f56bfc062723c751e8b465ee728b)
Start importing Packages/org.mixedrealitytoolkit.input/Simulation/MRTKInputSimulatorControls.inputactions using Guid(70b361cf3c037d54896482d1ffd9f999) Importer(815301076,1909f56bfc062723c751e8b465ee728b)  -> (artifact id: '0b56878a18b06b52977b42fc920ec855') in 0.021885 seconds 
========================================================================
Received Import Request.
  Time since last request: 2.222997 seconds.
  path: Packages/org.mixedrealitytoolkit.input/Simulation/Prefabs
  artifactKey: Guid(f2604e5940274d04e99a6e754fb15fcb) Importer(815301076,1909f56bfc062723c751e8b465ee728b)
Start importing Packages/org.mixedrealitytoolkit.input/Simulation/Prefabs using Guid(f2604e5940274d04e99a6e754fb15fcb) Importer(815301076,1909f56bfc062723c751e8b465ee728b)  -> (artifact id: 'dd23b538d6714168d231825755ffc444') in 0.002621 seconds 
========================================================================
Received Import Request.
  Time since last request: 0.050927 seconds.
  path: Packages/org.mixedrealitytoolkit.input/Simulation/Prefabs/MRTKInputSimulator.prefab
  artifactKey: Guid(ad5b753b73e311143a85055b15cea562) Importer(815301076,1909f56bfc062723c751e8b465ee728b)
Start importing Packages/org.mixedrealitytoolkit.input/Simulation/Prefabs/MRTKInputSimulator.prefab using Guid(ad5b753b73e311143a85055b15cea562) Importer(815301076,1909f56bfc062723c751e8b465ee728b)  -> (artifact id: 'd7bf5bee0d758fc699188c503885ed65') in 0.014120 seconds 
========================================================================
Received Import Request.
  Time since last request: 45.444148 seconds.
  path: Assets/Scenes/MRTK3 Test.unity
  artifactKey: Guid(0ce16e638f4206f4aa2d8bd98213e5b9) Importer(815301076,1909f56bfc062723c751e8b465ee728b)
Start importing Assets/Scenes/MRTK3 Test.unity using Guid(0ce16e638f4206f4aa2d8bd98213e5b9) Importer(815301076,1909f56bfc062723c751e8b465ee728b)  -> (artifact id: 'a0e58de0a4a424fede30c90443be7fa0') in 0.002380 seconds 
========================================================================
Received Import Request.
  Time since last request: 0.779041 seconds.
  path: Assets/Scenes/SampleScene.unity
  artifactKey: Guid(9fc0d4010bbf28b4594072e72b8655ab) Importer(815301076,1909f56bfc062723c751e8b465ee728b)
Start importing Assets/Scenes/SampleScene.unity using Guid(9fc0d4010bbf28b4594072e72b8655ab) Importer(815301076,1909f56bfc062723c751e8b465ee728b)  -> (artifact id: 'e55ccaa32d8e5c1de03c07a5412c8c3c') in 0.042358 seconds 
========================================================================
Received Import Request.
  Time since last request: 5.021814 seconds.
  path: Assets/Prefabs/MRTK XR Rig.prefab
  artifactKey: Guid(97db283dbcae5344e807cbb8e56aad26) Importer(815301076,1909f56bfc062723c751e8b465ee728b)
Start importing Assets/Prefabs/MRTK XR Rig.prefab using Guid(97db283dbcae5344e807cbb8e56aad26) Importer(815301076,1909f56bfc062723c751e8b465ee728b)  -> (artifact id: '4062c49b95121eea557a86ed3b5b8961') in 0.032502 seconds 
========================================================================
Received Import Request.
  Time since last request: 3.410549 seconds.
  path: Assets/Prefabs/MRTKInputSimulator.prefab
  artifactKey: Guid(df7341886a490144f8d32e87878f9200) Importer(815301076,1909f56bfc062723c751e8b465ee728b)
Start importing Assets/Prefabs/MRTKInputSimulator.prefab using Guid(df7341886a490144f8d32e87878f9200) Importer(815301076,1909f56bfc062723c751e8b465ee728b)  -> (artifact id: '2370de507433b5dc050c7d1518163773') in 0.006098 seconds 
